Arguments: 
  /usr/local/bin/node /Users/kevinfarrell/.yarn/bin/yarn.js add file-saver @types/file-saver

PATH: 
  /opt/local/bin:/opt/local/sbin:/usr/local/opt/curl/bin:/Users/kevinfarrell/.yarn/bin:/usr/local/Cellar/ruby/2.5.2/bin/:/usr/local/apache-ant/bin:/usr/local/texlive/2016/bin/x86_64-darwin/:/Library/Frameworks/Python.framework/Versions/3.5/bin:/usr/local/bin:/usr/bin:/bin:/usr/sbin:/sbin:/Library/TeX/texbin:/opt/pkg/sbin:/opt/pkg/bin

Yarn version: 
  0.16.1

Node version: 
  10.15.3

Platform: 
  darwin x64

npm manifest: 
  {
    "name": "chrome-extension-react-typescript-boilerplate",
    "version": "1.0.0",
    "description": "A boilerplate project to quickly build a Chrome extension using TypeScript and React (built using webpack).",
    "scripts": {
      "build": "webpack --config webpack.prod.js",
      "dev": "webpack --config webpack.dev.js",
      "watch": "webpack -w --config webpack.dev.js",
      "lint": "tslint 'src/**/*.{ts, tsx}'",
      "create-data": "node ./data/create-word-db.js"
    },
    "author": "Joe Martella",
    "license": "MIT",
    "devDependencies": {
      "@types/chrome": "0.0.60",
      "@types/react": "^16.8.19",
      "@types/react-dom": "^16.8.4",
      "css-loader": "^0.28.11",
      "file-loader": "^4.0.0",
      "node-sass": "^4.7.2",
      "sass-loader": "^6.0.7",
      "style-loader": "^0.20.3",
      "ts-loader": "^4.5.0",
      "tslint-config-airbnb": "^5.11.1",
      "tslint-react": "^3.6.0",
      "typescript": "^2.9.2",
      "url-loader": "^2.0.0",
      "webpack": "^4.1.1",
      "webpack-cli": "^3.1.1",
      "webpack-merge": "^4.1.4"
    },
    "dependencies": {
      "@types/localforage": "0.0.34",
      "@types/xml-js": "^1.0.0",
      "cedict": "^1.19.0",
      "flexsearch": "^0.6.22",
      "localforage": "^1.7.3",
      "react": "^16.8.6",
      "react-autosize-textarea": "^7.0.0",
      "react-dom": "^16.8.6",
      "react-radio-buttons": "^1.2.2",
      "unicode-loader": "^1.0.7",
      "xml-js": "^1.6.11"
    }
  }

yarn manifest: 
  No manifest

bower manifest: 
  No manifest

Lockfile: 
  No lockfile

Trace: 
  Error: EACCES: permission denied, open '/Users/kevinfarrell/.yarn-cache/npm-combined-stream-1.0.8/package.json'
